# JRE version: Java(TM) SE Runtime Environment (8.0_261-b12) (build 1.8.0_261-b12)
# Java VM: Java HotSpot(TM) 64-Bit Server VM (25.261-b12 mixed mode windows-amd64 compressed oops)
Heap:
 PSYoungGen      total 176640K, used 109457K [0x000000076af00000, 0x000000077da00000, 0x00000007c0000000)
  eden space 158208K, 57% used [0x000000076af00000,0x00000007707e88f0,0x0000000774980000)
  from space 18432K, 99% used [0x0000000774980000,0x0000000775b7bc30,0x0000000775b80000)
  to   space 23040K, 0% used [0x000000077c380000,0x000000077c380000,0x000000077da00000)
 ParOldGen       total 147456K, used 27197K [0x00000006c0c00000, 0x00000006c9c00000, 0x000000076af00000)
  object space 147456K, 18% used [0x00000006c0c00000,0x00000006c268f400,0x00000006c9c00000)
 Metaspace       used 35483K, capacity 36386K, committed 36736K, reserved 1081344K
  class space    used 4168K, capacity 4428K, committed 4480K, reserved 1048576K
GC Heap History (10 events):
Event: 5.520 GC heap before
{Heap before GC invocations=5 (full 1):
 PSYoungGen      total 76288K, used 65536K [0x000000076af00000, 0x0000000774400000, 0x00000007c0000000)
  eden space 65536K, 100% used [0x000000076af00000,0x000000076ef00000,0x000000076ef00000)
  from space 10752K, 0% used [0x000000076ef00000,0x000000076ef00000,0x000000076f980000)
  to   space 10752K, 0% used [0x0000000773980000,0x0000000773980000,0x0000000774400000)
 ParOldGen       total 98816K, used 8239K [0x00000006c0c00000, 0x00000006c6c80000, 0x000000076af00000)
  object space 98816K, 8% used [0x00000006c0c00000,0x00000006c140bc98,0x00000006c6c80000)
 Metaspace       used 24291K, capacity 24778K, committed 25216K, reserved 1071104K
  class space    used 2921K, capacity 3075K, committed 3200K, reserved 1048576K
Event: 5.523 GC heap after
Heap after GC invocations=5 (full 1):
 PSYoungGen      total 110080K, used 5260K [0x000000076af00000, 0x0000000773f00000, 0x00000007c0000000)
  eden space 104448K, 0% used [0x000000076af00000,0x000000076af00000,0x0000000771500000)
  from space 5632K, 93% used [0x0000000773980000,0x0000000773ea3088,0x0000000773f00000)
  to   space 10752K, 0% used [0x0000000772a00000,0x0000000772a00000,0x0000000773480000)
 ParOldGen       total 98816K, used 8247K [0x00000006c0c00000, 0x00000006c6c80000, 0x000000076af00000)
  object space 98816K, 8% used [0x00000006c0c00000,0x00000006c140dc98,0x00000006c6c80000)
 Metaspace       used 24291K, capacity 24778K, committed 25216K, reserved 1071104K
  class space    used 2921K, capacity 3075K, committed 3200K, reserved 1048576K
}
Event: 7.674 GC heap before
{Heap before GC invocations=6 (full 1):
 PSYoungGen      total 110080K, used 109708K [0x000000076af00000, 0x0000000773f00000, 0x00000007c0000000)
  eden space 104448K, 100% used [0x000000076af00000,0x0000000771500000,0x0000000771500000)
  from space 5632K, 93% used [0x0000000773980000,0x0000000773ea3088,0x0000000773f00000)
  to   space 10752K, 0% used [0x0000000772a00000,0x0000000772a00000,0x0000000773480000)
 ParOldGen       total 98816K, used 8247K [0x00000006c0c00000, 0x00000006c6c80000, 0x000000076af00000)
  object space 98816K, 8% used [0x00000006c0c00000,0x00000006c140dc98,0x00000006c6c80000)
 Metaspace       used 29835K, capacity 30640K, committed 30976K, reserved 1077248K
  class space    used 3541K, capacity 3769K, committed 3840K, reserved 1048576K
Event: 7.682 GC heap after
Heap after GC invocations=6 (full 1):
 PSYoungGen      total 136704K, used 10749K [0x000000076af00000, 0x0000000776b80000, 0x00000007c0000000)
  eden space 125952K, 0% used [0x000000076af00000,0x000000076af00000,0x0000000772a00000)
  from space 10752K, 99% used [0x0000000772a00000,0x000000077347f438,0x0000000773480000)
  to   space 16384K, 0% used [0x0000000775b80000,0x0000000775b80000,0x0000000776b80000)
 ParOldGen       total 98816K, used 10338K [0x00000006c0c00000, 0x00000006c6c80000, 0x000000076af00000)
  object space 98816K, 10% used [0x00000006c0c00000,0x00000006c1618838,0x00000006c6c80000)
 Metaspace       used 29835K, capacity 30640K, committed 30976K, reserved 1077248K
  class space    used 3541K, capacity 3769K, committed 3840K, reserved 1048576K
}
Event: 8.298 GC heap before
{Heap before GC invocations=7 (full 1):
 PSYoungGen      total 136704K, used 73335K [0x000000076af00000, 0x0000000776b80000, 0x00000007c0000000)
  eden space 125952K, 49% used [0x000000076af00000,0x000000076ec1e870,0x0000000772a00000)
  from space 10752K, 99% used [0x0000000772a00000,0x000000077347f438,0x0000000773480000)
  to   space 16384K, 0% used [0x0000000775b80000,0x0000000775b80000,0x0000000776b80000)
 ParOldGen       total 98816K, used 10338K [0x00000006c0c00000, 0x00000006c6c80000, 0x000000076af00000)
  object space 98816K, 10% used [0x00000006c0c00000,0x00000006c1618838,0x00000006c6c80000)
 Metaspace       used 34332K, capacity 35170K, committed 35456K, reserved 1081344K
  class space    used 4099K, capacity 4364K, committed 4480K, reserved 1048576K
Event: 8.309 GC heap after
Heap after GC invocations=7 (full 1):
 PSYoungGen      total 174592K, used 15300K [0x000000076af00000, 0x0000000779000000, 0x00000007c0000000)
  eden space 158208K, 0% used [0x000000076af00000,0x000000076af00000,0x0000000774980000)
  from space 16384K, 93% used [0x0000000775b80000,0x0000000776a711d0,0x0000000776b80000)
  to   space 18432K, 0% used [0x0000000774980000,0x0000000774980000,0x0000000775b80000)
 ParOldGen       total 98816K, used 10346K [0x00000006c0c00000, 0x00000006c6c80000, 0x000000076af00000)
  object space 98816K, 10% used [0x00000006c0c00000,0x00000006c161a838,0x00000006c6c80000)
 Metaspace       used 34332K, capacity 35170K, committed 35456K, reserved 1081344K
  class space    used 4099K, capacity 4364K, committed 4480K, reserved 1048576K
}
Event: 8.309 GC heap before
{Heap before GC invocations=8 (full 2):
 PSYoungGen      total 174592K, used 15300K [0x000000076af00000, 0x0000000779000000, 0x00000007c0000000)
  eden space 158208K, 0% used [0x000000076af00000,0x000000076af00000,0x0000000774980000)
  from space 16384K, 93% used [0x0000000775b80000,0x0000000776a711d0,0x0000000776b80000)
  to   space 18432K, 0% used [0x0000000774980000,0x0000000774980000,0x0000000775b80000)
 ParOldGen       total 98816K, used 10346K [0x00000006c0c00000, 0x00000006c6c80000, 0x000000076af00000)
  object space 98816K, 10% used [0x00000006c0c00000,0x00000006c161a838,0x00000006c6c80000)
 Metaspace       used 34332K, capacity 35170K, committed 35456K, reserved 1081344K
  class space    used 4099K, capacity 4364K, committed 4480K, reserved 1048576K
Event: 8.344 GC heap after
Heap after GC invocations=8 (full 2):
 PSYoungGen      total 174592K, used 0K [0x000000076af00000, 0x0000000779000000, 0x00000007c0000000)
  eden space 158208K, 0% used [0x000000076af00000,0x000000076af00000,0x0000000774980000)
  from space 16384K, 0% used [0x0000000775b80000,0x0000000775b80000,0x0000000776b80000)
  to   space 18432K, 0% used [0x0000000774980000,0x0000000774980000,0x0000000775b80000)
 ParOldGen       total 147456K, used 22947K [0x00000006c0c00000, 0x00000006c9c00000, 0x000000076af00000)
  object space 147456K, 15% used [0x00000006c0c00000,0x00000006c2268f80,0x00000006c9c00000)
 Metaspace       used 34332K, capacity 35170K, committed 35456K, reserved 1081344K
  class space    used 4099K, capacity 4364K, committed 4480K, reserved 1048576K
}
Event: 8.710 GC heap before
{Heap before GC invocations=9 (full 2):
 PSYoungGen      total 174592K, used 158208K [0x000000076af00000, 0x0000000779000000, 0x00000007c0000000)
  eden space 158208K, 100% used [0x000000076af00000,0x0000000774980000,0x0000000774980000)
  from space 16384K, 0% used [0x0000000775b80000,0x0000000775b80000,0x0000000776b80000)
  to   space 18432K, 0% used [0x0000000774980000,0x0000000774980000,0x0000000775b80000)
 ParOldGen       total 147456K, used 22947K [0x00000006c0c00000, 0x00000006c9c00000, 0x000000076af00000)
  object space 147456K, 15% used [0x00000006c0c00000,0x00000006c2268f80,0x00000006c9c00000)
 Metaspace       used 35032K, capacity 35970K, committed 36224K, reserved 1081344K
  class space    used 4125K, capacity 4396K, committed 4480K, reserved 1048576K
Event: 8.719 GC heap after
Heap after GC invocations=9 (full 2):
 PSYoungGen      total 176640K, used 18415K [0x000000076af00000, 0x000000077da00000, 0x00000007c0000000)
  eden space 158208K, 0% used [0x000000076af00000,0x000000076af00000,0x0000000774980000)
  from space 18432K, 99% used [0x0000000774980000,0x0000000775b7bc30,0x0000000775b80000)
  to   space 23040K, 0% used [0x000000077c380000,0x000000077c380000,0x000000077da00000)
 ParOldGen       total 147456K, used 27197K [0x00000006c0c00000, 0x00000006c9c00000, 0x000000076af00000)
  object space 147456K, 18% used [0x00000006c0c00000,0x00000006c268f400,0x00000006c9c00000)
 Metaspace       used 35032K, capacity 35970K, committed 36224K, reserved 1081344K
  class space    used 4125K, capacity 4396K, committed 4480K, reserved 1048576K
}

