# JRE version: Java(TM) SE Runtime Environment (8.0_261-b12) (build 1.8.0_261-b12)
# Java VM: Java HotSpot(TM) 64-Bit Server VM (25.261-b12 mixed mode windows-amd64 compressed oops)
Heap:
 PSYoungGen      total 1331712K, used 61334K [0x000000076af00000, 0x00000007be600000, 0x00000007c0000000)
  eden space 1296384K, 2% used [0x000000076af00000,0x000000076d3718b0,0x00000007ba100000)
  from space 35328K, 67% used [0x00000007ba100000,0x00000007bb874018,0x00000007bc380000)
  to   space 30720K, 0% used [0x00000007bc800000,0x00000007bc800000,0x00000007be600000)
 ParOldGen       total 259584K, used 189714K [0x00000006c0c00000, 0x00000006d0980000, 0x000000076af00000)
  object space 259584K, 73% used [0x00000006c0c00000,0x00000006cc5449b8,0x00000006d0980000)
 Metaspace       used 52822K, capacity 54326K, committed 56064K, reserved 1097728K
  class space    used 5999K, capacity 6408K, committed 6912K, reserved 1048576K
GC Heap History (10 events):
Event: 16.763 GC heap after
Heap after GC invocations=19 (full 3):
 PSYoungGen      total 922112K, used 19840K [0x000000076af00000, 0x00000007a6400000, 0x00000007c0000000)
  eden space 887808K, 0% used [0x000000076af00000,0x000000076af00000,0x00000007a1200000)
  from space 34304K, 57% used [0x00000007a4280000,0x00000007a55e0060,0x00000007a6400000)
  to   space 41984K, 0% used [0x00000007a1200000,0x00000007a1200000,0x00000007a3b00000)
 ParOldGen       total 259584K, used 109708K [0x00000006c0c00000, 0x00000006d0980000, 0x000000076af00000)
  object space 259584K, 42% used [0x00000006c0c00000,0x00000006c77230f8,0x00000006d0980000)
 Metaspace       used 49287K, capacity 50678K, committed 52352K, reserved 1095680K
  class space    used 5684K, capacity 6074K, committed 6528K, reserved 1048576K
}
Event: 17.787 GC heap before
{Heap before GC invocations=20 (full 3):
 PSYoungGen      total 922112K, used 907648K [0x000000076af00000, 0x00000007a6400000, 0x00000007c0000000)
  eden space 887808K, 100% used [0x000000076af00000,0x00000007a1200000,0x00000007a1200000)
  from space 34304K, 57% used [0x00000007a4280000,0x00000007a55e0060,0x00000007a6400000)
  to   space 41984K, 0% used [0x00000007a1200000,0x00000007a1200000,0x00000007a3b00000)
 ParOldGen       total 259584K, used 109708K [0x00000006c0c00000, 0x00000006d0980000, 0x000000076af00000)
  object space 259584K, 42% used [0x00000006c0c00000,0x00000006c77230f8,0x00000006d0980000)
 Metaspace       used 49324K, capacity 50678K, committed 52352K, reserved 1095680K
  class space    used 5686K, capacity 6074K, committed 6528K, reserved 1048576K
Event: 17.800 GC heap after
Heap after GC invocations=20 (full 3):
 PSYoungGen      total 929792K, used 16688K [0x000000076af00000, 0x00000007b1080000, 0x00000007c0000000)
  eden space 887808K, 0% used [0x000000076af00000,0x000000076af00000,0x00000007a1200000)
  from space 41984K, 39% used [0x00000007a1200000,0x00000007a224c0e0,0x00000007a3b00000)
  to   space 39936K, 0% used [0x00000007ae980000,0x00000007ae980000,0x00000007b1080000)
 ParOldGen       total 259584K, used 122260K [0x00000006c0c00000, 0x00000006d0980000, 0x000000076af00000)
  object space 259584K, 47% used [0x00000006c0c00000,0x00000006c83651d8,0x00000006d0980000)
 Metaspace       used 49324K, capacity 50678K, committed 52352K, reserved 1095680K
  class space    used 5686K, capacity 6074K, committed 6528K, reserved 1048576K
}
Event: 18.461 GC heap before
{Heap before GC invocations=21 (full 3):
 PSYoungGen      total 929792K, used 904496K [0x000000076af00000, 0x00000007b1080000, 0x00000007c0000000)
  eden space 887808K, 100% used [0x000000076af00000,0x00000007a1200000,0x00000007a1200000)
  from space 41984K, 39% used [0x00000007a1200000,0x00000007a224c0e0,0x00000007a3b00000)
  to   space 39936K, 0% used [0x00000007ae980000,0x00000007ae980000,0x00000007b1080000)
 ParOldGen       total 259584K, used 122260K [0x00000006c0c00000, 0x00000006d0980000, 0x000000076af00000)
  object space 259584K, 47% used [0x00000006c0c00000,0x00000006c83651d8,0x00000006d0980000)
 Metaspace       used 49324K, capacity 50678K, committed 52352K, reserved 1095680K
  class space    used 5686K, capacity 6074K, committed 6528K, reserved 1048576K
Event: 18.476 GC heap after
Heap after GC invocations=21 (full 3):
 PSYoungGen      total 1110528K, used 14944K [0x000000076af00000, 0x00000007b1580000, 0x00000007c0000000)
  eden space 1070592K, 0% used [0x000000076af00000,0x000000076af00000,0x00000007ac480000)
  from space 39936K, 37% used [0x00000007ae980000,0x00000007af818060,0x00000007b1080000)
  to   space 37888K, 0% used [0x00000007ac480000,0x00000007ac480000,0x00000007ae980000)
 ParOldGen       total 259584K, used 138829K [0x00000006c0c00000, 0x00000006d0980000, 0x000000076af00000)
  object space 259584K, 53% used [0x00000006c0c00000,0x00000006c9393448,0x00000006d0980000)
 Metaspace       used 49324K, capacity 50678K, committed 52352K, reserved 1095680K
  class space    used 5686K, capacity 6074K, committed 6528K, reserved 1048576K
}
Event: 19.334 GC heap before
{Heap before GC invocations=22 (full 3):
 PSYoungGen      total 1110528K, used 1085536K [0x000000076af00000, 0x00000007b1580000, 0x00000007c0000000)
  eden space 1070592K, 100% used [0x000000076af00000,0x00000007ac480000,0x00000007ac480000)
  from space 39936K, 37% used [0x00000007ae980000,0x00000007af818060,0x00000007b1080000)
  to   space 37888K, 0% used [0x00000007ac480000,0x00000007ac480000,0x00000007ae980000)
 ParOldGen       total 259584K, used 138829K [0x00000006c0c00000, 0x00000006d0980000, 0x000000076af00000)
  object space 259584K, 53% used [0x00000006c0c00000,0x00000006c9393448,0x00000006d0980000)
 Metaspace       used 49325K, capacity 50678K, committed 52352K, reserved 1095680K
  class space    used 5686K, capacity 6074K, committed 6528K, reserved 1048576K
Event: 19.350 GC heap after
Heap after GC invocations=22 (full 3):
 PSYoungGen      total 1108480K, used 19712K [0x000000076af00000, 0x00000007bec00000, 0x00000007c0000000)
  eden space 1070592K, 0% used [0x000000076af00000,0x000000076af00000,0x00000007ac480000)
  from space 37888K, 52% used [0x00000007ac480000,0x00000007ad7c00c0,0x00000007ae980000)
  to   space 36864K, 0% used [0x00000007bc800000,0x00000007bc800000,0x00000007bec00000)
 ParOldGen       total 259584K, used 153053K [0x00000006c0c00000, 0x00000006d0980000, 0x000000076af00000)
  object space 259584K, 58% used [0x00000006c0c00000,0x00000006ca177468,0x00000006d0980000)
 Metaspace       used 49325K, capacity 50678K, committed 52352K, reserved 1095680K
  class space    used 5686K, capacity 6074K, committed 6528K, reserved 1048576K
}
Event: 20.510 GC heap before
{Heap before GC invocations=23 (full 3):
 PSYoungGen      total 1108480K, used 1090304K [0x000000076af00000, 0x00000007bec00000, 0x00000007c0000000)
  eden space 1070592K, 100% used [0x000000076af00000,0x00000007ac480000,0x00000007ac480000)
  from space 37888K, 52% used [0x00000007ac480000,0x00000007ad7c00c0,0x00000007ae980000)
  to   space 36864K, 0% used [0x00000007bc800000,0x00000007bc800000,0x00000007bec00000)
 ParOldGen       total 259584K, used 153053K [0x00000006c0c00000, 0x00000006d0980000, 0x000000076af00000)
  object space 259584K, 58% used [0x00000006c0c00000,0x00000006ca177468,0x00000006d0980000)
 Metaspace       used 49363K, capacity 50748K, committed 52352K, reserved 1095680K
  class space    used 5687K, capacity 6075K, committed 6528K, reserved 1048576K
Event: 20.528 GC heap after
Heap after GC invocations=23 (full 3):
 PSYoungGen      total 1327104K, used 19040K [0x000000076af00000, 0x00000007be600000, 0x00000007c0000000)
  eden space 1296384K, 0% used [0x000000076af00000,0x000000076af00000,0x00000007ba100000)
  from space 30720K, 61% used [0x00000007bc800000,0x00000007bda980b0,0x00000007be600000)
  to   space 35328K, 0% used [0x00000007ba100000,0x00000007ba100000,0x00000007bc380000)
 ParOldGen       total 259584K, used 172301K [0x00000006c0c00000, 0x00000006d0980000, 0x000000076af00000)
  object space 259584K, 66% used [0x00000006c0c00000,0x00000006cb443728,0x00000006d0980000)
 Metaspace       used 49363K, capacity 50748K, committed 52352K, reserved 1095680K
  class space    used 5687K, capacity 6075K, committed 6528K, reserved 1048576K
}
Event: 22.050 GC heap before
{Heap before GC invocations=24 (full 3):
 PSYoungGen      total 1327104K, used 1315424K [0x000000076af00000, 0x00000007be600000, 0x00000007c0000000)
  eden space 1296384K, 100% used [0x000000076af00000,0x00000007ba100000,0x00000007ba100000)
  from space 30720K, 61% used [0x00000007bc800000,0x00000007bda980b0,0x00000007be600000)
  to   space 35328K, 0% used [0x00000007ba100000,0x00000007ba100000,0x00000007bc380000)
 ParOldGen       total 259584K, used 172301K [0x00000006c0c00000, 0x00000006d0980000, 0x000000076af00000)
  object space 259584K, 66% used [0x00000006c0c00000,0x00000006cb443728,0x00000006d0980000)
 Metaspace       used 52820K, capacity 54326K, committed 56064K, reserved 1097728K
  class space    used 5999K, capacity 6408K, committed 6912K, reserved 1048576K

